Computed on 20180117 branch master: buildAPKs
2.9M	.git
5.9M	.
Computed on 20190102 branch master:
6.7M	.git
10.0M	.
Computed on 20190104 branch master:
3.1M	.git
3.8M	.
Computed on 20190104 branch master:
1.2M	.git
1.9M	.
Computed on 20190104 branch master:
3.2M	.git
3.8M	.
Branch master:996f15 computed on 20190106.
3.0M	.git
3.7M	.
Branch master:9f6c5c computed on 20190106.
1.1M	.git
1.7M	.
Branch master:5966a4 computed on 20190106.
3.0M	.git
3.6M	.
Computed on 20190106 branch master:
3.8M	.git
4.6M	.
Computed on 20190106 branch master:
3.1M	.git
3.8M	.
Computed on 20190109 branch master:
Size in KB
3128	.git
3884	.
Computed on 20190109 branch master:
Size in KB
3628	.git
4412	.
Computed on 20190112 branch master:
Size in KB
3248	.git
4044	.
Computed on 20190113 branch master:
Size in KB
3448	.git
4740	.
Computed on 20190114 branch master:
Size in KB
3384	.git
4472	.
Computed on 20190122 branch master;  RESET; module errors 
604	.git
928	.
AFTER `git pull`
3508	.git
3876	.
Computed on 20190202 branch master:
Size in KB
5084	.git
5344	.
Computed on 20190530 branch master:
Size in KB
8624	.git
9020	.
Computed on 20190602 branch master;  RESET: size 
704	.git
1220	.
AFTER `git pull`
3528	.git
3908	.
Computed on 20190614 branch master:
Size in KB
6712	.git
7080	.
Computed on 20190614 branch master;  RESET: size 
Size in KB
788	.git
1096	.
Computed on 20190702 branch master:
Size in KB
5272	.git
5560	.
Computed on 20190702 branch master;  RESET: size 
Size in KB
1220	.git
1532	.
